  [4;36;1mSQL (0.1ms)[0m   [0;1mSET NAMES 'utf8'[0m
  [4;35;1mSQL (0.1ms)[0m   [0mSET SQL_AUTO_IS_NULL=0[0m
  [4;36;1mSQL (0.3ms)[0m   [0;1mSHOW TABLES[0m
  [4;35;1mSQL (0.4ms)[0m   [0mSELECT version FROM schema_migrations[0m
Migrating to CreateUsers (20100213082526)
  [4;36;1mSQL (0.0ms)[0m   [0;1mMysql::Error: Table 'users' already exists: CREATE TABLE `users` (`id` int(11) DEFAULT NULL auto_increment PRIMARY KEY, `username` varchar(255), `email` varchar(255), `crypted_password` varchar(255), `password_salt` varchar(255), `persistence_token` varchar(255), `perishable_token` varchar(255) NOT NULL, `activated_at` datetime, `created_at` datetime, `updated_at` datetime) ENGINE=InnoDB[0m
  [4;36;1mSQL (0.1ms)[0m   [0;1mSET NAMES 'utf8'[0m
  [4;35;1mSQL (0.1ms)[0m   [0mSET SQL_AUTO_IS_NULL=0[0m
  [4;36;1mSQL (0.2ms)[0m   [0;1mSHOW TABLES[0m
  [4;35;1mSQL (28.1ms)[0m   [0mCREATE TABLE `schema_migrations` (`version` varchar(255) NOT NULL) ENGINE=InnoDB[0m
  [4;36;1mSQL (6.0ms)[0m   [0;1mCREATE UNIQUE INDEX `unique_schema_migrations` ON `schema_migrations` (`version`)[0m
  [4;35;1mSQL (0.2ms)[0m   [0mSHOW TABLES[0m
  [4;36;1mSQL (0.2ms)[0m   [0;1mSELECT version FROM schema_migrations[0m
Migrating to CreateUsers (20100213082526)
  [4;35;1mSQL (2.9ms)[0m   [0mCREATE TABLE `users` (`id` int(11) DEFAULT NULL auto_increment PRIMARY KEY, `username` varchar(255), `email` varchar(255), `crypted_password` varchar(255), `password_salt` varchar(255), `persistence_token` varchar(255), `perishable_token` varchar(255) NOT NULL, `activated_at` datetime, `created_at` datetime, `updated_at` datetime) ENGINE=InnoDB[0m
  [4;36;1mSQL (0.4ms)[0m   [0;1mINSERT INTO schema_migrations (version) VALUES ('20100213082526')[0m
Migrating to CreatePosts (20100213082538)
  [4;35;1mSQL (2.2ms)[0m   [0mCREATE TABLE `posts` (`id` int(11) DEFAULT NULL auto_increment PRIMARY KEY, `title` varchar(255), `body` text, `user_id` int(11), `created_at` datetime, `updated_at` datetime) ENGINE=InnoDB[0m
  [4;36;1mSQL (0.4ms)[0m   [0;1mINSERT INTO schema_migrations (version) VALUES ('20100213082538')[0m
  [4;35;1mSQL (0.6ms)[0m   [0mSHOW TABLES[0m
  [4;36;1mSQL (0.2ms)[0m   [0;1mSELECT version FROM schema_migrations[0m
  [4;35;1mSQL (0.2ms)[0m   [0mSHOW TABLES[0m
  [4;36;1mSQL (12.2ms)[0m   [0;1mSHOW FIELDS FROM `posts`[0m
  [4;35;1mSQL (0.7ms)[0m   [0mdescribe `posts`[0m
  [4;36;1mSQL (0.3ms)[0m   [0;1mSHOW KEYS FROM `posts`[0m
  [4;35;1mSQL (1.0ms)[0m   [0mSHOW FIELDS FROM `users`[0m
  [4;36;1mSQL (0.8ms)[0m   [0;1mdescribe `users`[0m
  [4;35;1mSQL (0.3ms)[0m   [0mSHOW KEYS FROM `users`[0m
  [4;36;1mSQL (0.1ms)[0m   [0;1mSET NAMES 'utf8'[0m
  [4;35;1mSQL (0.1ms)[0m   [0mSET SQL_AUTO_IS_NULL=0[0m
  [4;36;1mSQL (0.2ms)[0m   [0;1mSHOW TABLES[0m
  [4;35;1mSQL (0.1ms)[0m   [0mSELECT version FROM schema_migrations[0m
Migrating to CreateUsers (20100213082526)
Migrating to CreatePosts (20100213082538)
  [4;36;1mSQL (0.8ms)[0m   [0;1mSHOW TABLES[0m
  [4;35;1mSQL (0.1ms)[0m   [0mSELECT version FROM schema_migrations[0m
  [4;36;1mSQL (0.2ms)[0m   [0;1mSHOW TABLES[0m
  [4;35;1mSQL (0.7ms)[0m   [0mSHOW FIELDS FROM `posts`[0m
  [4;36;1mSQL (0.7ms)[0m   [0;1mdescribe `posts`[0m
  [4;35;1mSQL (0.3ms)[0m   [0mSHOW KEYS FROM `posts`[0m
  [4;36;1mSQL (0.8ms)[0m   [0;1mSHOW FIELDS FROM `users`[0m
  [4;35;1mSQL (0.7ms)[0m   [0mdescribe `users`[0m
  [4;36;1mSQL (0.2ms)[0m   [0;1mSHOW KEYS FROM `users`[0m
  [4;36;1mSQL (0.1ms)[0m   [0;1mSET NAMES 'utf8'[0m
  [4;35;1mSQL (0.1ms)[0m   [0mSET SQL_AUTO_IS_NULL=0[0m
  [4;36;1mUser Columns (0.8ms)[0m   [0;1mSHOW FIELDS FROM `users`[0m
  [4;35;1mSQL (0.3ms)[0m   [0mSHOW TABLES[0m
  [4;36;1mSQL (0.2ms)[0m   [0;1mBEGIN[0m
  [4;35;1mUser Load (0.3ms)[0m   [0mSELECT `users`.id FROM `users` WHERE (LOWER(`users`.`email`) = BINARY 'trash@trash2009.com') LIMIT 1[0m
  [4;36;1mUser Load (0.2ms)[0m   [0;1mSELECT `users`.id FROM `users` WHERE (LOWER(`users`.`username`) = BINARY 'testtest') LIMIT 1[0m
  [4;35;1mUser Load (0.2ms)[0m   [0mSELECT `users`.id FROM `users` WHERE (`users`.`persistence_token` = BINARY '6cf681d98ce020afbc04236385fb1d7c941bbfc04c2db000115a39e2dc1c3c6909550480e7de4d5a11a60f710d7dfb21d29387dfef3dbabf417edd7407589c52') LIMIT 1[0m
  [4;36;1mUser Create (0.3ms)[0m   [0;1mINSERT INTO `users` (`activated_at`, `created_at`, `crypted_password`, `perishable_token`, `updated_at`, `username`, `password_salt`, `persistence_token`, `email`) VALUES(NULL, '2010-02-22 08:32:28', 'fa6d161276c03ba20121f13bd8856a2c2e5a6a8ab5994667ea8ce7d58cfd24d3a8558760c493449d7d79b8be1bfda2dc2d8b6b304c20eb1712b89e1b2efdc72b', 's6wwGqhbEfMnqooGJCl5', '2010-02-22 08:32:28', 'testtest', 'uq-kiDbPNWBTr4o_CSJu', '6cf681d98ce020afbc04236385fb1d7c941bbfc04c2db000115a39e2dc1c3c6909550480e7de4d5a11a60f710d7dfb21d29387dfef3dbabf417edd7407589c52', 'trash@trash2009.com')[0m
  [4;35;1mSQL (5.2ms)[0m   [0mCOMMIT[0m
  [4;36;1mSQL (0.1ms)[0m   [0;1mSET NAMES 'utf8'[0m
  [4;35;1mSQL (0.1ms)[0m   [0mSET SQL_AUTO_IS_NULL=0[0m


Processing UserSessionsController#new (for 127.0.0.1 at 2010-02-22 14:11:37) [GET]
  [4;36;1mUser Columns (0.9ms)[0m   [0;1mSHOW FIELDS FROM `users`[0m
Rendering user_sessions/new

ActionView::TemplateError (undefined method `user_sessions_path' for #<ActionView::Base:0xb6fdb34c>) on line #1 of app/views/user_sessions/new.erb:
1: <% form_for @user_session do |f| %>
2:   <%=  f.label :username %>
3:   <%=  f.text_field :username %>
4:   <%=  f.label :password %>

    app/views/user_sessions/new.erb:1

Rendered rescues/_trace (53.3ms)
Rendered rescues/_request_and_response (1.7ms)
Rendering rescues/layout (internal_server_error)
  [4;36;1mSQL (0.1ms)[0m   [0;1mSET NAMES 'utf8'[0m
  [4;35;1mSQL (0.2ms)[0m   [0mSET SQL_AUTO_IS_NULL=0[0m


Processing UserSessionsController#new (for 127.0.0.1 at 2010-02-22 14:12:24) [GET]
  [4;36;1mUser Columns (1.0ms)[0m   [0;1mSHOW FIELDS FROM `users`[0m
Rendering user_sessions/new
Completed in 40ms (View: 24, DB: 1) | 200 OK [http://localhost/user_sessions/new]
  [4;36;1mSQL (0.1ms)[0m   [0;1mSET NAMES 'utf8'[0m
  [4;35;1mSQL (0.1ms)[0m   [0mSET SQL_AUTO_IS_NULL=0[0m
  [4;36;1mUser Columns (0.9ms)[0m   [0;1mSHOW FIELDS FROM `users`[0m
  [4;35;1mUser Load (0.3ms)[0m   [0mSELECT * FROM `users` LIMIT 1[0m
  [4;36;1mSQL (0.1ms)[0m   [0;1mSET NAMES 'utf8'[0m
  [4;35;1mSQL (0.1ms)[0m   [0mSET SQL_AUTO_IS_NULL=0[0m


Processing UserSessionsController#create (for 127.0.0.1 at 2010-02-22 14:12:53) [POST]
  Parameters: {"commit"=>"Submit", "user_session"=>{"username"=>"testtest", "password"=>"123123"}, "authenticity_token"=>"AC/0wNwceGNFq9HGptchclMPsNCCvdTGSPMkevL/C4w="}
  [4;36;1mUser Columns (0.9ms)[0m   [0;1mSHOW FIELDS FROM `users`[0m
  [4;35;1mUser Load (0.3ms)[0m   [0mSELECT * FROM `users` WHERE (LOWER(`users`.username) = 'testtest') LIMIT 1[0m
  [4;36;1mSQL (0.1ms)[0m   [0;1mBEGIN[0m
  [4;35;1mUser Update (0.3ms)[0m   [0mUPDATE `users` SET `updated_at` = '2010-02-22 08:42:53', `perishable_token` = 'tJUhy2n_ID30X8in1vUi' WHERE `id` = 1[0m
  [4;36;1mSQL (5.1ms)[0m   [0;1mCOMMIT[0m

ActionView::MissingTemplate (Missing template user_sessions/create.erb in view path app/views):
  

Rendering rescues/layout (internal_server_error)
  [4;36;1mSQL (0.1ms)[0m   [0;1mSET NAMES 'utf8'[0m
  [4;35;1mSQL (0.1ms)[0m   [0mSET SQL_AUTO_IS_NULL=0[0m


Processing ApplicationController#index (for 127.0.0.1 at 2010-02-22 14:14:05) [GET]

ActionController::RoutingError (No route matches "/users_sessions/new" with {:method=>:get}):
  

Rendering rescues/layout (not_found)
  [4;36;1mSQL (0.1ms)[0m   [0;1mSET NAMES 'utf8'[0m
  [4;35;1mSQL (0.1ms)[0m   [0mSET SQL_AUTO_IS_NULL=0[0m


Processing UserSessionsController#new (for 127.0.0.1 at 2010-02-22 14:14:15) [GET]
  [4;36;1mUser Columns (2.1ms)[0m   [0;1mSHOW FIELDS FROM `users`[0m
Rendering user_sessions/new
Completed in 68ms (View: 31, DB: 2) | 200 OK [http://localhost/user_sessions/new]
  [4;35;1mSQL (0.2ms)[0m   [0mSET NAMES 'utf8'[0m
  [4;36;1mSQL (0.1ms)[0m   [0;1mSET SQL_AUTO_IS_NULL=0[0m


Processing UserSessionsController#create (for 127.0.0.1 at 2010-02-22 14:14:20) [POST]
  Parameters: {"commit"=>"Submit", "user_session"=>{"username"=>"testtest", "password"=>"123123"}, "authenticity_token"=>"AC/0wNwceGNFq9HGptchclMPsNCCvdTGSPMkevL/C4w="}
  [4;35;1mUser Columns (2.0ms)[0m   [0mSHOW FIELDS FROM `users`[0m
  [4;36;1mUser Load (0.3ms)[0m   [0;1mSELECT * FROM `users` WHERE (LOWER(`users`.username) = 'testtest') LIMIT 1[0m
  [4;35;1mSQL (0.1ms)[0m   [0mBEGIN[0m
  [4;36;1mUser Update (0.3ms)[0m   [0;1mUPDATE `users` SET `updated_at` = '2010-02-22 08:44:21', `perishable_token` = 'h63CHQu4yO-xASF5OQo9' WHERE `id` = 1[0m
  [4;35;1mSQL (9.0ms)[0m   [0mCOMMIT[0m
Completed in 199ms (View: 1, DB: 12) | 200 OK [http://localhost/user_sessions]
  [4;36;1mSQL (0.1ms)[0m   [0;1mSET NAMES 'utf8'[0m
  [4;35;1mSQL (0.1ms)[0m   [0mSET SQL_AUTO_IS_NULL=0[0m


Processing WelcomeController#index (for 127.0.0.1 at 2010-02-22 16:48:14) [GET]

ActionController::UnknownAction (No action responded to index. Actions: ):
  

Rendering rescues/layout (not_found)
